Build started 5/19/2016 1:18:53 PM.
     1>Project "C:\Users\Jesse\Desktop\Projects\Meridian-2D-Game-Engine\Meridian 2D Game Engine\Meridian 2D Game Engine.vcxproj" on node 2 (Build target(s)).
     1>ClCompile:
         C:\Program Files (x86)\Microsoft Visual Studio 14.0\VC\bin\CL.exe /c /ZI /nologo /W3 /WX- /sdl /Od /Oy- /D _MBCS /Gm /EHsc /RTC1 /MDd /GS /fp:precise /Zc:wchar_t /Zc:forScope /Zc:inline /Fo"Bin\Inter\Debug\\" /Fd"Bin\Inter\Debug\vc140.pdb" /Gd /TP /analyze- /errorReport:prompt Src\Engine\Assets\AssetTexture.cpp Src\Engine\Core\Asset.cpp Src\Engine\Managers\ModuleResource.cpp Src\Main.cpp
         Main.cpp
         ModuleResource.cpp
         Asset.cpp
         AssetTexture.cpp
         Generating Code...
       Link:
         C:\Program Files (x86)\Microsoft Visual Studio 14.0\VC\bin\link.exe /ERRORREPORT:PROMPT /OUT:"Bin\Debug\Meridian 2D Game Engine.exe" /INCREMENTAL /NOLOGO opengl32.lib glfw3.lib raknet_d.lib fmodL_vc.lib kernel32.lib user32.lib gdi32.lib winspool.lib comdlg32.lib advapi32.lib shell32.lib ole32.lib oleaut32.lib uuid.lib odbc32.lib odbccp32.lib /MANIFEST /MANIFESTUAC:"level='asInvoker' uiAccess='false'" /manifest:embed /DEBUG:FASTLINK /PDB:"Bin\Debug\Meridian 2D Game Engine.pdb" /TLBID:1 /DYNAMICBASE /NXCOMPAT /IMPLIB:"Bin\Debug\Meridian 2D Game Engine.lib" /MACHINE:X86 Bin\Inter\Debug\gl_core_4_4.obj
         Bin\Inter\Debug\AssetTexture.obj
         Bin\Inter\Debug\Asset.obj
         Bin\Inter\Debug\Meridian.obj
         Bin\Inter\Debug\ModuleGraphics.obj
         Bin\Inter\Debug\Module.obj
         Bin\Inter\Debug\ModuleInput.obj
         Bin\Inter\Debug\ModuleResource.obj
         Bin\Inter\Debug\Main.obj
     1>glfw3.lib(context.obj) : warning LNK4099: PDB 'glfw.pdb' was not found with 'glfw3.lib(context.obj)' or at 'C:\Users\Jesse\Desktop\Projects\Meridian-2D-Game-Engine\Meridian 2D Game Engine\Bin\Debug\glfw.pdb'; linking object as if no debug info
     1>glfw3.lib(init.obj) : warning LNK4099: PDB 'glfw.pdb' was not found with 'glfw3.lib(init.obj)' or at 'C:\Users\Jesse\Desktop\Projects\Meridian-2D-Game-Engine\Meridian 2D Game Engine\Bin\Debug\glfw.pdb'; linking object as if no debug info
     1>glfw3.lib(input.obj) : warning LNK4099: PDB 'glfw.pdb' was not found with 'glfw3.lib(input.obj)' or at 'C:\Users\Jesse\Desktop\Projects\Meridian-2D-Game-Engine\Meridian 2D Game Engine\Bin\Debug\glfw.pdb'; linking object as if no debug info
     1>glfw3.lib(monitor.obj) : warning LNK4099: PDB 'glfw.pdb' was not found with 'glfw3.lib(monitor.obj)' or at 'C:\Users\Jesse\Desktop\Projects\Meridian-2D-Game-Engine\Meridian 2D Game Engine\Bin\Debug\glfw.pdb'; linking object as if no debug info
     1>glfw3.lib(window.obj) : warning LNK4099: PDB 'glfw.pdb' was not found with 'glfw3.lib(window.obj)' or at 'C:\Users\Jesse\Desktop\Projects\Meridian-2D-Game-Engine\Meridian 2D Game Engine\Bin\Debug\glfw.pdb'; linking object as if no debug info
     1>glfw3.lib(win32_init.obj) : warning LNK4099: PDB 'glfw.pdb' was not found with 'glfw3.lib(win32_init.obj)' or at 'C:\Users\Jesse\Desktop\Projects\Meridian-2D-Game-Engine\Meridian 2D Game Engine\Bin\Debug\glfw.pdb'; linking object as if no debug info
     1>glfw3.lib(win32_monitor.obj) : warning LNK4099: PDB 'glfw.pdb' was not found with 'glfw3.lib(win32_monitor.obj)' or at 'C:\Users\Jesse\Desktop\Projects\Meridian-2D-Game-Engine\Meridian 2D Game Engine\Bin\Debug\glfw.pdb'; linking object as if no debug info
     1>glfw3.lib(win32_time.obj) : warning LNK4099: PDB 'glfw.pdb' was not found with 'glfw3.lib(win32_time.obj)' or at 'C:\Users\Jesse\Desktop\Projects\Meridian-2D-Game-Engine\Meridian 2D Game Engine\Bin\Debug\glfw.pdb'; linking object as if no debug info
     1>glfw3.lib(win32_tls.obj) : warning LNK4099: PDB 'glfw.pdb' was not found with 'glfw3.lib(win32_tls.obj)' or at 'C:\Users\Jesse\Desktop\Projects\Meridian-2D-Game-Engine\Meridian 2D Game Engine\Bin\Debug\glfw.pdb'; linking object as if no debug info
     1>glfw3.lib(win32_window.obj) : warning LNK4099: PDB 'glfw.pdb' was not found with 'glfw3.lib(win32_window.obj)' or at 'C:\Users\Jesse\Desktop\Projects\Meridian-2D-Game-Engine\Meridian 2D Game Engine\Bin\Debug\glfw.pdb'; linking object as if no debug info
     1>glfw3.lib(winmm_joystick.obj) : warning LNK4099: PDB 'glfw.pdb' was not found with 'glfw3.lib(winmm_joystick.obj)' or at 'C:\Users\Jesse\Desktop\Projects\Meridian-2D-Game-Engine\Meridian 2D Game Engine\Bin\Debug\glfw.pdb'; linking object as if no debug info
     1>glfw3.lib(wgl_context.obj) : warning LNK4099: PDB 'glfw.pdb' was not found with 'glfw3.lib(wgl_context.obj)' or at 'C:\Users\Jesse\Desktop\Projects\Meridian-2D-Game-Engine\Meridian 2D Game Engine\Bin\Debug\glfw.pdb'; linking object as if no debug info
         Meridian 2D Game Engine.vcxproj -> C:\Users\Jesse\Desktop\Projects\Meridian-2D-Game-Engine\Meridian 2D Game Engine\Bin\Debug\Meridian 2D Game Engine.exe
     1>Done Building Project "C:\Users\Jesse\Desktop\Projects\Meridian-2D-Game-Engine\Meridian 2D Game Engine\Meridian 2D Game Engine.vcxproj" (Build target(s)).

Build succeeded.

Time Elapsed 00:00:12.65
